0 info it worked if it ends with ok
1 verbose cli [ '/usr/bin/node',
1 verbose cli   '/usr/bin/npm',
1 verbose cli   'install',
1 verbose cli   '-g',
1 verbose cli   'https://github.com/bvallelunga/KDApp.git' ]
2 info using npm@1.3.24
3 info using node@v0.10.25
4 verbose node symlink /usr/bin/node
5 verbose cache add [ 'https://github.com/bvallelunga/KDApp.git', null ]
6 verbose cache add name=undefined spec="https://github.com/bvallelunga/KDApp.git" args=["https://github.com/bvallelunga/KDApp.git",null]
7 verbose parsed url { protocol: 'https:',
7 verbose parsed url   slashes: true,
7 verbose parsed url   auth: null,
7 verbose parsed url   host: 'github.com',
7 verbose parsed url   port: null,
7 verbose parsed url   hostname: 'github.com',
7 verbose parsed url   hash: null,
7 verbose parsed url   search: null,
7 verbose parsed url   query: null,
7 verbose parsed url   pathname: '/bvallelunga/KDApp.git',
7 verbose parsed url   path: '/bvallelunga/KDApp.git',
7 verbose parsed url   href: 'https://github.com/bvallelunga/KDApp.git' }
8 silly lockFile 46e9718f-github-com-bvallelunga-KDApp-git https://github.com/bvallelunga/KDApp.git
9 verbose lock https://github.com/bvallelunga/KDApp.git /home/bvallelunga-tester2/.npm/46e9718f-github-com-bvallelunga-KDApp-git.lock
10 verbose addRemoteTarball [ 'https://github.com/bvallelunga/KDApp.git', null ]
11 info retry fetch attempt 1 at 00:29:35
12 verbose fetch to= /home/bvallelunga-tester2/tmp/npm-811-hwn1C8d4/1409790575477-0.7881934635806829/tmp.tgz
13 http GET https://github.com/bvallelunga/KDApp.git
14 http 200 https://github.com/bvallelunga/KDApp.git
15 verbose tar unpack /home/bvallelunga-tester2/tmp/npm-811-hwn1C8d4/1409790575477-0.7881934635806829/tmp.tgz
16 silly lockFile ddff1cb7-75477-0-7881934635806829-package tar:///home/bvallelunga-tester2/tmp/npm-811-hwn1C8d4/1409790575477-0.7881934635806829/package
17 verbose lock tar:///home/bvallelunga-tester2/tmp/npm-811-hwn1C8d4/1409790575477-0.7881934635806829/package /home/bvallelunga-tester2/.npm/ddff1cb7-75477-0-7881934635806829-package.lock
18 silly lockFile 06cb9123-75477-0-7881934635806829-tmp-tgz tar:///home/bvallelunga-tester2/tmp/npm-811-hwn1C8d4/1409790575477-0.7881934635806829/tmp.tgz
19 verbose lock tar:///home/bvallelunga-tester2/tmp/npm-811-hwn1C8d4/1409790575477-0.7881934635806829/tmp.tgz /home/bvallelunga-tester2/.npm/06cb9123-75477-0-7881934635806829-tmp-tgz.lock
20 silly gunzTarPerm modes [ '755', '644' ]
21 error not a package /home/bvallelunga-tester2/tmp/npm-811-hwn1C8d4/1409790575477-0.7881934635806829/tmp.tgz
22 silly lockFile ddff1cb7-75477-0-7881934635806829-package tar:///home/bvallelunga-tester2/tmp/npm-811-hwn1C8d4/1409790575477-0.7881934635806829/package
23 silly lockFile ddff1cb7-75477-0-7881934635806829-package tar:///home/bvallelunga-tester2/tmp/npm-811-hwn1C8d4/1409790575477-0.7881934635806829/package
24 silly lockFile 06cb9123-75477-0-7881934635806829-tmp-tgz tar:///home/bvallelunga-tester2/tmp/npm-811-hwn1C8d4/1409790575477-0.7881934635806829/tmp.tgz
25 silly lockFile 06cb9123-75477-0-7881934635806829-tmp-tgz tar:///home/bvallelunga-tester2/tmp/npm-811-hwn1C8d4/1409790575477-0.7881934635806829/tmp.tgz
26 silly lockFile 46e9718f-github-com-bvallelunga-KDApp-git https://github.com/bvallelunga/KDApp.git
27 silly lockFile 46e9718f-github-com-bvallelunga-KDApp-git https://github.com/bvallelunga/KDApp.git
28 error Error: ENOENT, open '/home/bvallelunga-tester2/tmp/npm-811-hwn1C8d4/1409790575477-0.7881934635806829/package/package.json'
29 error If you need help, you may report this *entire* log,
29 error including the npm and node versions, at:
29 error     <http://github.com/isaacs/npm/issues>
30 error System Linux 3.13.0-5-generic
31 error command "/usr/bin/node" "/usr/bin/npm" "install" "-g" "https://github.com/bvallelunga/KDApp.git"
32 error cwd /home/bvallelunga-tester2/Applications/Github.kdapp
33 error node -v v0.10.25
34 error npm -v 1.3.24
35 error path /home/bvallelunga-tester2/tmp/npm-811-hwn1C8d4/1409790575477-0.7881934635806829/package/package.json
36 error code ENOENT
37 error errno 34
38 verbose exit [ 34, true ]
